<?xml version="1.0" encoding="UTF-8"?>
<!-- Generated by org.testng.reporters.JUnitReportReporter -->
<testsuite skipped="0" hostname="RK" name="com.crm.qa.testcases.ContactsPageTest" tests="7" failures="0" timestamp="04 Feb 2018 21:52:02 GMT" time="157.932" errors="0">
  <testcase name="verifyContactsLableTest" time="19.540" classname="com.crm.qa.testcases.ContactsPageTest"/>
  <testcase name="selectContactListNameTest" time="20.553" classname="com.crm.qa.testcases.ContactsPageTest"/>
  <testcase name="selectMultipleContactListNameTest" time="21.821" classname="com.crm.qa.testcases.ContactsPageTest"/>
  <testcase name="validateCreateContact" time="23.666" classname="com.crm.qa.testcases.ContactsPageTest"/>
  <testcase name="validateCreateContactExcel" time="23.283" classname="com.crm.qa.testcases.ContactsPageTest"/>
  <testcase name="validateCreateContactExcel" time="23.396" classname="com.crm.qa.testcases.ContactsPageTest"/>
  <testcase name="validateCreateContactExcel" time="25.673" classname="com.crm.qa.testcases.ContactsPageTest"/>
</testsuite> <!-- com.crm.qa.testcases.ContactsPageTest -->
