<?xml version="1.0" encoding="UTF-8"?>
<!-- Generated by org.testng.reporters.JUnitReportReporter -->
<testsuite skipped="0" hostname="RK" name="com.crm.qa.testcases.LoginPageTest" tests="1" failures="0" timestamp="04 Feb 2018 06:44:21 GMT" time="15.662" errors="0">
  <testcase name="loginTest" time="15.662" classname="com.crm.qa.testcases.LoginPageTest"/>
</testsuite> <!-- com.crm.qa.testcases.LoginPageTest -->
