<?xml version="1.0" encoding="UTF-8"?>
<!-- Generated by org.testng.reporters.JUnitReportReporter -->
<testsuite skipped="0" hostname="RK" name="com.crm.qa.testcases.LoginPageTest" tests="3" failures="0" timestamp="04 Feb 2018 21:52:02 GMT" time="33.334" errors="0">
  <testcase name="loginPageTitle" time="7.753" classname="com.crm.qa.testcases.LoginPageTest"/>
  <testcase name="crmLogoImageTest" time="7.984" classname="com.crm.qa.testcases.LoginPageTest"/>
  <testcase name="loginTest" time="17.597" classname="com.crm.qa.testcases.LoginPageTest"/>
</testsuite> <!-- com.crm.qa.testcases.LoginPageTest -->
