<?xml version="1.0" encoding="UTF-8"?>
<!-- Generated by org.testng.reporters.JUnitReportReporter -->
<testsuite skipped="0" hostname="RK" name="com.crm.qa.testcases.LoginPageTest" tests="2" failures="0" timestamp="04 Feb 2018 23:48:29 GMT" time="37.225" errors="0">
  <testcase name="loginPageTitle" time="9.105" classname="com.crm.qa.testcases.LoginPageTest"/>
  <testcase name="crmLogoImageTest" time="28.120" classname="com.crm.qa.testcases.LoginPageTest"/>
</testsuite> <!-- com.crm.qa.testcases.LoginPageTest -->
