<?xml version="1.0" encoding="UTF-8"?>
<!-- Generated by org.testng.reporters.JUnitReportReporter -->
<testsuite skipped="0" hostname="RK" name="com.crm.qa.testcases.LoginPageTest" tests="1" failures="0" timestamp="04 Feb 2018 23:48:42 GMT" time="12.288" errors="0">
  <testcase name="loginPageTitle" time="12.288" classname="com.crm.qa.testcases.LoginPageTest"/>
</testsuite> <!-- com.crm.qa.testcases.LoginPageTest -->
