<?xml version="1.0" encoding="UTF-8"?>
<!-- Generated by org.testng.reporters.JUnitReportReporter -->
<testsuite skipped="0" hostname="RK" name="com.crm.qa.testcases.ContactsPageTest" tests="1" failures="0" timestamp="03 Feb 2018 02:18:34 GMT" time="19.603" errors="0">
  <testcase name="verifyContactsLableTest" time="19.603" classname="com.crm.qa.testcases.ContactsPageTest"/>
</testsuite> <!-- com.crm.qa.testcases.ContactsPageTest -->
