<?xml version="1.0" encoding="UTF-8"?>
<!-- Generated by org.testng.reporters.JUnitReportReporter -->
<testsuite skipped="0" hostname="RK" name="com.crm.qa.testcases.ContactsPageTest" tests="1" failures="0" timestamp="08 Feb 2018 02:39:41 GMT" time="57.202" errors="0">
  <testcase name="verifyContactsLableTest" time="57.202" classname="com.crm.qa.testcases.ContactsPageTest"/>
</testsuite> <!-- com.crm.qa.testcases.ContactsPageTest -->
