<?xml version="1.0" encoding="UTF-8"?>
<!-- Generated by org.testng.reporters.JUnitReportReporter -->
<testsuite skipped="0" hostname="RK" name="com.crm.qa.testcases.LoginPageTest" tests="1" failures="0" timestamp="03 Feb 2018 02:18:34 GMT" time="8.593" errors="0">
  <testcase name="loginPageTitle" time="8.593" classname="com.crm.qa.testcases.LoginPageTest"/>
</testsuite> <!-- com.crm.qa.testcases.LoginPageTest -->
